<?xml version="1.0" encoding="UTF-8"?>
<testsuite xmlns:xsi="http://www.w3.org/2001/XMLSchema-instance" xsi:noNamespaceSchemaLocation="https://maven.apache.org/surefire/maven-surefire-plugin/xsd/surefire-test-report.xsd" version="3.0.2" name="com.mibiblioteka.api.ApiApplicationTests" time="10.91" tests="1" errors="0" skipped="0" failures="0">
  <properties>
[...]
</properties>
  <testcase name="contextLoads" classname="com.mibiblioteka.api.ApiApplicationTests" time="1.111">
    <system-out><![CDATA[02:14:41.894 [main] INFO org.springframework.test.context.support.AnnotationConfigContextLoaderUtils -- Could not detect default configuration classes for test class [com.mibiblioteka.api.ApiApplicationTests]: ApiApplicationTests does not declare any static, non-private, non-final, nested classes annotated with @Configuration.
02:14:42.108 [main] INFO org.springframework.boot.test.context.SpringBootTestContextBootstrapper -- Found @SpringBootConfiguration com.mibiblioteka.api.ApiApplication for test class com.mibiblioteka.api.ApiApplicationTests
02:14:42.484 [main] INFO org.springframework.boot.devtools.restart.RestartApplicationListener -- Restart disabled due to context in which it is running

  .   ____          _            __ _ _
 /\\ / ___'_ __ _ _(_)_ __  __ _ \ \ \ \
( ( )\___ | '_ | '_| | '_ \/ _` | \ \ \ \
 \\/  ___)| |_)| | | | | || (_| |  ) ) ) )
  '  |____| .__|_| |_|_| |_\__, | / / / /
 =========|_|==============|___/=/_/_/_/

 :: Spring Boot ::                (v3.5.6)

2025-10-20T02:14:43.077-05:00  INFO 14308 --- [api] [           main] c.mibiblioteka.api.ApiApplicationTests   : Starting ApiApplicationTests using Java 22 with PID 14308 (started by Karlos in D:\Usuario Actual\Desktop\App para desarrollar\MiBiblioteka\api)
2025-10-20T02:14:43.079-05:00  INFO 14308 --- [api] [           main] c.mibiblioteka.api.ApiApplicationTests   : No active profile set, falling back to 1 default profile: "default"
2025-10-20T02:14:44.507-05:00  INFO 14308 --- [api] [           main] .s.d.r.c.RepositoryConfigurationDelegate : Bootstrapping Spring Data MongoDB repositories in DEFAULT mode.
2025-10-20T02:14:44.558-05:00  INFO 14308 --- [api] [           main] .s.d.r.c.RepositoryConfigurationDelegate : Finished Spring Data repository scanning in 40 ms. Found 0 MongoDB repository interfaces.
2025-10-20T02:14:46.817-05:00  INFO 14308 --- [api] [           main] org.mongodb.driver.client                : MongoClient with metadata {"driver": {"name": "mongo-java-driver|sync|spring-boot", "version": "5.5.1"}, "os": {"type": "Windows", "name": "Windows 10", "architecture": "amd64", "version": "10.0"}, "platform": "Java/Oracle Corporation/22+36-2370"} created with settings MongoClientSettings{readPreference=primary, writeConcern=WriteConcern{w=null, wTimeout=null ms, journal=null}, retryWrites=true, retryReads=true, readConcern=ReadConcern{level=null}, credential=MongoCredential{mechanism=null, userName='Pos', source='admin', password=<hidden>, mechanismProperties=<hidden>}, transportSettings=null, commandListeners=[], codecRegistry=ProvidersCodecRegistry{codecProviders=[ValueCodecProvider{}, BsonValueCodecProvider{}, DBRefCodecProvider{}, DBObjectCodecProvider{}, DocumentCodecProvider{}, CollectionCodecProvider{}, IterableCodecProvider{}, MapCodecProvider{}, GeoJsonCodecProvider{}, GridFSFileCodecProvider{}, Jsr310CodecProvider{}, JsonObjectCodecProvider{}, BsonCodecProvider{}, EnumCodecProvider{}, com.mongodb.client.model.mql.ExpressionCodecProvider@2fc49538, com.mongodb.Jep395RecordCodecProvider@670342a2, com.mongodb.KotlinCodecProvider@d5e575c]}, loggerSettings=LoggerSettings{maxDocumentLength=1000}, clusterSettings={hosts=[127.0.0.1:27017], srvHost=cluster0.2q3k3kd.mongodb.net, srvServiceName=mongodb, mode=MULTIPLE, requiredClusterType=REPLICA_SET, requiredReplicaSetName='atlas-h7rin8-shard-0', serverSelector='null', clusterListeners='[]', serverSelectionTimeout='30000 ms', localThreshold='15 ms'}, socketSettings=SocketSettings{connectTimeoutMS=10000, readTimeoutMS=0, receiveBufferSize=0, proxySettings=ProxySettings{host=null, port=null, username=null, password=null}}, heartbeatSocketSettings=SocketSettings{connectTimeoutMS=10000, readTimeoutMS=10000, receiveBufferSize=0, proxySettings=ProxySettings{host=null, port=null, username=null, password=null}}, connectionPoolSettings=ConnectionPoolSettings{maxSize=100, minSize=0, maxWaitTimeMS=120000, maxConnectionLifeTimeMS=0, maxConnectionIdleTimeMS=0, maintenanceInitialDelayMS=0, maintenanceFrequencyMS=60000, connectionPoolListeners=[], maxConnecting=2}, serverSettings=ServerSettings{heartbeatFrequencyMS=10000, minHeartbeatFrequencyMS=500, serverMonitoringMode=AUTO, serverListeners='[]', serverMonitorListeners='[]'}, sslSettings=SslSettings{enabled=true, invalidHostNameAllowed=false, context=null}, applicationName='null', compressorList=[], uuidRepresentation=JAVA_LEGACY, serverApi=null, autoEncryptionSettings=null, dnsClient=null, inetAddressResolver=null, contextProvider=null, timeoutMS=null}
2025-10-20T02:14:47.909-05:00  INFO 14308 --- [api] [3kd.mongodb.net] org.mongodb.driver.cluster               : Adding discovered server ac-doo5gqi-shard-00-02.2q3k3kd.mongodb.net:27017 to client view of cluster
2025-10-20T02:14:47.970-05:00  INFO 14308 --- [api] [3kd.mongodb.net] org.mongodb.driver.cluster               : Adding discovered server ac-doo5gqi-shard-00-01.2q3k3kd.mongodb.net:27017 to client view of cluster
2025-10-20T02:14:47.979-05:00  INFO 14308 --- [api] [3kd.mongodb.net] org.mongodb.driver.cluster               : Adding discovered server ac-doo5gqi-shard-00-00.2q3k3kd.mongodb.net:27017 to client view of cluster
2025-10-20T02:14:48.941-05:00  WARN 14308 --- [api] [           main] .s.s.UserDetailsServiceAutoConfiguration : 

Using generated security password: d480f008-592d-437b-909f-760fd22895a6

This generated password is for development use only. Your security configuration must be updated before running your application in production.

2025-10-20T02:14:48.953-05:00  INFO 14308 --- [api] [           main] r$InitializeUserDetailsManagerConfigurer : Global AuthenticationManager configured with UserDetailsService bean with name inMemoryUserDetailsManager
2025-10-20T02:14:49.313-05:00  INFO 14308 --- [api] [ngodb.net:27017] org.mongodb.driver.cluster               : Monitor thread successfully connected to server with description ServerDescription{address=ac-doo5gqi-shard-00-00.2q3k3kd.mongodb.net:27017, type=REPLICA_SET_SECONDARY, cryptd=false, state=CONNECTED, ok=true, minWireVersion=0, maxWireVersion=25, maxDocumentSize=16777216, logicalSessionTimeoutMinutes=30, roundTripTimeNanos=606167100, minRoundTripTimeNanos=0, setName='atlas-h7rin8-shard-0', canonicalAddress=ac-doo5gqi-shard-00-00.2q3k3kd.mongodb.net:27017, hosts=[ac-doo5gqi-shard-00-02.2q3k3kd.mongodb.net:27017, ac-doo5gqi-shard-00-01.2q3k3kd.mongodb.net:27017, ac-doo5gqi-shard-00-00.2q3k3kd.mongodb.net:27017], passives=[], arbiters=[], primary='ac-doo5gqi-shard-00-01.2q3k3kd.mongodb.net:27017', tagSet=TagSet{[Tag{name='availabilityZone', value='use1-az1'}, Tag{name='diskState', value='READY'}, Tag{name='nodeType', value='ELECTABLE'}, Tag{name='provider', value='AWS'}, Tag{name='region', value='US_EAST_1'}, Tag{name='workloadType', value='OPERATIONAL'}]}, electionId=null, setVersion=175, topologyVersion=TopologyVersion{processId=68ee9ec3daa63b271060dd3a, counter=4}, lastWriteDate=Mon Oct 20 02:14:49 COT 2025, lastUpdateTimeNanos=258697943759800}
2025-10-20T02:14:49.313-05:00  INFO 14308 --- [api] [ngodb.net:27017] org.mongodb.driver.cluster               : Monitor thread successfully connected to server with description ServerDescription{address=ac-doo5gqi-shard-00-01.2q3k3kd.mongodb.net:27017, type=REPLICA_SET_PRIMARY, cryptd=false, state=CONNECTED, ok=true, minWireVersion=0, maxWireVersion=25, maxDocumentSize=16777216, logicalSessionTimeoutMinutes=30, roundTripTimeNanos=605414400, minRoundTripTimeNanos=0, setName='atlas-h7rin8-shard-0', canonicalAddress=ac-doo5gqi-shard-00-01.2q3k3kd.mongodb.net:27017, hosts=[ac-doo5gqi-shard-00-02.2q3k3kd.mongodb.net:27017, ac-doo5gqi-shard-00-01.2q3k3kd.mongodb.net:27017, ac-doo5gqi-shard-00-00.2q3k3kd.mongodb.net:27017], passives=[], arbiters=[], primary='ac-doo5gqi-shard-00-01.2q3k3kd.mongodb.net:27017', tagSet=TagSet{[Tag{name='availabilityZone', value='use1-az2'}, Tag{name='diskState', value='READY'}, Tag{name='nodeType', value='ELECTABLE'}, Tag{name='provider', value='AWS'}, Tag{name='region', value='US_EAST_1'}, Tag{name='workloadType', value='OPERATIONAL'}]}, electionId=7fffffff00000000000001de, setVersion=175, topologyVersion=TopologyVersion{processId=68ee9f17f828d2bf8e17c9d8, counter=6}, lastWriteDate=Mon Oct 20 02:14:49 COT 2025, lastUpdateTimeNanos=258697942934000}
2025-10-20T02:14:49.322-05:00  INFO 14308 --- [api] [ngodb.net:27017] org.mongodb.driver.cluster               : Discovered replica set primary ac-doo5gqi-shard-00-01.2q3k3kd.mongodb.net:27017 with max election id 7fffffff00000000000001de and max set version 175
2025-10-20T02:14:49.341-05:00  INFO 14308 --- [api] [ngodb.net:27017] org.mongodb.driver.cluster               : Monitor thread successfully connected to server with description ServerDescription{address=ac-doo5gqi-shard-00-02.2q3k3kd.mongodb.net:27017, type=REPLICA_SET_SECONDARY, cryptd=false, state=CONNECTED, ok=true, minWireVersion=0, maxWireVersion=25, maxDocumentSize=16777216, logicalSessionTimeoutMinutes=30, roundTripTimeNanos=640969400, minRoundTripTimeNanos=0, setName='atlas-h7rin8-shard-0', canonicalAddress=ac-doo5gqi-shard-00-02.2q3k3kd.mongodb.net:27017, hosts=[ac-doo5gqi-shard-00-02.2q3k3kd.mongodb.net:27017, ac-doo5gqi-shard-00-01.2q3k3kd.mongodb.net:27017, ac-doo5gqi-shard-00-00.2q3k3kd.mongodb.net:27017], passives=[], arbiters=[], primary='ac-doo5gqi-shard-00-01.2q3k3kd.mongodb.net:27017', tagSet=TagSet{[Tag{name='availabilityZone', value='use1-az4'}, Tag{name='diskState', value='READY'}, Tag{name='nodeType', value='ELECTABLE'}, Tag{name='provider', value='AWS'}, Tag{name='region', value='US_EAST_1'}, Tag{name='workloadType', value='OPERATIONAL'}]}, electionId=null, setVersion=175, topologyVersion=TopologyVersion{processId=68ee9f69d8a2de8e39571187, counter=3}, lastWriteDate=Mon Oct 20 02:14:49 COT 2025, lastUpdateTimeNanos=258697978815600}
2025-10-20T02:14:50.263-05:00  INFO 14308 --- [api] [           main] c.mibiblioteka.api.ApiApplicationTests   : Started ApiApplicationTests in 7.806 seconds (process running for 10.119)
Rol SuperUsuario ya existe.
Ya existe un usuario asignado al rol SuperUsuario, no se hace nada.
]]></system-out>
    <system-err><![CDATA[Mockito is currently self-attaching to enable the inline-mock-maker. This will no longer work in future releases of the JDK. Please add Mockito as an agent to your build as described in Mockito's documentation: https://javadoc.io/doc/org.mockito/mockito-core/latest/org.mockito/org/mockito/Mockito.html#0.3
WARNING: A Java agent has been loaded dynamically (C:\Users\Karlos\.m2\repository\net\bytebuddy\byte-buddy-agent\1.17.7\byte-buddy-agent-1.17.7.jar)
WARNING: If a serviceability tool is in use, please run with -XX:+EnableDynamicAgentLoading to hide this warning
WARNING: If a serviceability tool is not in use, please run with -Djdk.instrument.traceUsage for more information
WARNING: Dynamic loading of agents will be disallowed by default in a future release
]]></system-err>
  </testcase>
</testsuite>